[0.079s] DEBUG:colcon:Command line arguments: ['/usr/bin/colcon', 'build', '--symlink-install']
[0.079s] DEBUG:colcon:Parsed command line arguments: Namespace(log_base=None, log_level=None, verb_name='build', build_base='build', install_base='install', merge_install=False, symlink_install=True, test_result_base=None, continue_on_error=False, executor='parallel', parallel_workers=12, event_handlers=None, ignore_user_meta=False, metas=['./colcon.meta'], base_paths=['.'], packages_ignore=None, packages_ignore_regex=None, paths=None, packages_up_to=None, packages_up_to_regex=None, packages_above=None, packages_above_and_dependencies=None, packages_above_depth=None, packages_select_by_dep=None, packages_skip_by_dep=None, packages_skip_up_to=None, packages_select_build_failed=False, packages_skip_build_finished=False, packages_select_test_failures=False, packages_skip_test_passed=False, packages_select=None, packages_skip=None, packages_select_regex=None, packages_skip_regex=None, packages_start=None, packages_end=None, allow_overriding=[], cmake_args=None, cmake_target=None, cmake_target_skip_unavailable=False, cmake_clean_cache=False, cmake_clean_first=False, cmake_force_configure=False, ament_cmake_args=None, catkin_cmake_args=None, catkin_skip_building_tests=False, verb_parser=<colcon_defaults.argument_parser.defaults.DefaultArgumentsDecorator object at 0x78b200dffdc0>, verb_extension=<colcon_core.verb.build.BuildVerb object at 0x78b200d44730>, main=<bound method BuildVerb.main of <colcon_core.verb.build.BuildVerb object at 0x78b200d44730>>)
[0.199s] Level 1:colcon.colcon_core.package_discovery:discover_packages(colcon_meta) check parameters
[0.199s] Level 1:colcon.colcon_core.package_discovery:discover_packages(recursive) check parameters
[0.199s] Level 1:colcon.colcon_core.package_discovery:discover_packages(ignore) check parameters
[0.199s] Level 1:colcon.colcon_core.package_discovery:discover_packages(path) check parameters
[0.199s] Level 1:colcon.colcon_core.package_discovery:discover_packages(colcon_meta) discover
[0.199s] Level 1:colcon.colcon_core.package_discovery:discover_packages(recursive) discover
[0.199s] INFO:colcon.colcon_core.package_discovery:Crawling recursively for packages in '/home/archit/amogh_ws'
[0.199s] Level 1:colcon.colcon_core.package_identification:_identify(.) by extensions ['ignore', 'ignore_ament_install']
[0.199s] Level 1:colcon.colcon_core.package_identification:_identify(.) by extension 'ignore'
[0.199s] Level 1:colcon.colcon_core.package_identification:_identify(.) by extension 'ignore_ament_install'
[0.199s] Level 1:colcon.colcon_core.package_identification:_identify(.) by extensions ['colcon_pkg']
[0.199s] Level 1:colcon.colcon_core.package_identification:_identify(.) by extension 'colcon_pkg'
[0.199s] Level 1:colcon.colcon_core.package_identification:_identify(.) by extensions ['colcon_meta']
[0.199s] Level 1:colcon.colcon_core.package_identification:_identify(.) by extension 'colcon_meta'
[0.199s] Level 1:colcon.colcon_core.package_identification:_identify(.) by extensions ['ros']
[0.199s] Level 1:colcon.colcon_core.package_identification:_identify(.) by extension 'ros'
[0.207s] Level 1:colcon.colcon_core.package_identification:_identify(.) by extensions ['cmake', 'python']
[0.207s] Level 1:colcon.colcon_core.package_identification:_identify(.) by extension 'cmake'
[0.207s] Level 1:colcon.colcon_core.package_identification:_identify(.) by extension 'python'
[0.208s] Level 1:colcon.colcon_core.package_identification:_identify(.) by extensions ['python_setup_py']
[0.208s] Level 1:colcon.colcon_core.package_identification:_identify(.) by extension 'python_setup_py'
[0.208s] Level 1:colcon.colcon_core.package_identification:_identify(build) by extensions ['ignore', 'ignore_ament_install']
[0.208s] Level 1:colcon.colcon_core.package_identification:_identify(build) by extension 'ignore'
[0.208s] Level 1:colcon.colcon_core.package_identification:_identify(build) ignored
[0.208s] Level 1:colcon.colcon_core.package_identification:_identify(install) by extensions ['ignore', 'ignore_ament_install']
[0.208s] Level 1:colcon.colcon_core.package_identification:_identify(install) by extension 'ignore'
[0.208s] Level 1:colcon.colcon_core.package_identification:_identify(install) ignored
[0.208s] Level 1:colcon.colcon_core.package_identification:_identify(log) by extensions ['ignore', 'ignore_ament_install']
[0.208s] Level 1:colcon.colcon_core.package_identification:_identify(log) by extension 'ignore'
[0.208s] Level 1:colcon.colcon_core.package_identification:_identify(log) ignored
[0.208s] Level 1:colcon.colcon_core.package_identification:_identify(src) by extensions ['ignore', 'ignore_ament_install']
[0.208s] Level 1:colcon.colcon_core.package_identification:_identify(src) by extension 'ignore'
[0.208s] Level 1:colcon.colcon_core.package_identification:_identify(src) by extension 'ignore_ament_install'
[0.208s] Level 1:colcon.colcon_core.package_identification:_identify(src) by extensions ['colcon_pkg']
[0.208s] Level 1:colcon.colcon_core.package_identification:_identify(src) by extension 'colcon_pkg'
[0.208s] Level 1:colcon.colcon_core.package_identification:_identify(src) by extensions ['colcon_meta']
[0.208s] Level 1:colcon.colcon_core.package_identification:_identify(src) by extension 'colcon_meta'
[0.208s] Level 1:colcon.colcon_core.package_identification:_identify(src) by extensions ['ros']
[0.208s] Level 1:colcon.colcon_core.package_identification:_identify(src) by extension 'ros'
[0.208s] Level 1:colcon.colcon_core.package_identification:_identify(src) by extensions ['cmake', 'python']
[0.208s] Level 1:colcon.colcon_core.package_identification:_identify(src) by extension 'cmake'
[0.209s] Level 1:colcon.colcon_core.package_identification:_identify(src) by extension 'python'
[0.209s] Level 1:colcon.colcon_core.package_identification:_identify(src) by extensions ['python_setup_py']
[0.209s] Level 1:colcon.colcon_core.package_identification:_identify(src) by extension 'python_setup_py'
[0.209s] Level 1:colcon.colcon_core.package_identification:_identify(src/object_detection) by extensions ['ignore', 'ignore_ament_install']
[0.209s] Level 1:colcon.colcon_core.package_identification:_identify(src/object_detection) by extension 'ignore'
[0.209s] Level 1:colcon.colcon_core.package_identification:_identify(src/object_detection) by extension 'ignore_ament_install'
[0.209s] Level 1:colcon.colcon_core.package_identification:_identify(src/object_detection) by extensions ['colcon_pkg']
[0.209s] Level 1:colcon.colcon_core.package_identification:_identify(src/object_detection) by extension 'colcon_pkg'
[0.209s] Level 1:colcon.colcon_core.package_identification:_identify(src/object_detection) by extensions ['colcon_meta']
[0.209s] Level 1:colcon.colcon_core.package_identification:_identify(src/object_detection) by extension 'colcon_meta'
[0.209s] Level 1:colcon.colcon_core.package_identification:_identify(src/object_detection) by extensions ['ros']
[0.209s] Level 1:colcon.colcon_core.package_identification:_identify(src/object_detection) by extension 'ros'
[0.211s] DEBUG:colcon.colcon_core.package_identification:Package 'src/object_detection' with type 'ros.ament_python' and name 'object_detection'
[0.211s] Level 1:colcon.colcon_core.package_discovery:discover_packages(recursive) using defaults
[0.211s] Level 1:colcon.colcon_core.package_discovery:discover_packages(ignore) discover
[0.211s] Level 1:colcon.colcon_core.package_discovery:discover_packages(ignore) using defaults
[0.211s] Level 1:colcon.colcon_core.package_discovery:discover_packages(path) discover
[0.211s] Level 1:colcon.colcon_core.package_discovery:discover_packages(path) using defaults
[0.225s] Level 1:colcon.colcon_core.package_discovery:discover_packages(prefix_path) check parameters
[0.225s] Level 1:colcon.colcon_core.package_discovery:discover_packages(prefix_path) discover
[0.226s] DEBUG:colcon.colcon_installed_package_information.package_discovery:Found 1 installed packages in /home/archit/amogh_ws/install
[0.227s] DEBUG:colcon.colcon_installed_package_information.package_discovery:Found 270 installed packages in /opt/ros/humble
[0.228s] Level 1:colcon.colcon_core.package_discovery:discover_packages(prefix_path) using defaults
[0.262s] Level 5:colcon.colcon_core.verb:set package 'object_detection' build argument 'cmake_args' from command line to 'None'
[0.262s] Level 5:colcon.colcon_core.verb:set package 'object_detection' build argument 'cmake_target' from command line to 'None'
[0.262s] Level 5:colcon.colcon_core.verb:set package 'object_detection' build argument 'cmake_target_skip_unavailable' from command line to 'False'
[0.262s] Level 5:colcon.colcon_core.verb:set package 'object_detection' build argument 'cmake_clean_cache' from command line to 'False'
[0.262s] Level 5:colcon.colcon_core.verb:set package 'object_detection' build argument 'cmake_clean_first' from command line to 'False'
[0.262s] Level 5:colcon.colcon_core.verb:set package 'object_detection' build argument 'cmake_force_configure' from command line to 'False'
[0.262s] Level 5:colcon.colcon_core.verb:set package 'object_detection' build argument 'ament_cmake_args' from command line to 'None'
[0.262s] Level 5:colcon.colcon_core.verb:set package 'object_detection' build argument 'catkin_cmake_args' from command line to 'None'
[0.262s] Level 5:colcon.colcon_core.verb:set package 'object_detection' build argument 'catkin_skip_building_tests' from command line to 'False'
[0.262s] DEBUG:colcon.colcon_core.verb:Building package 'object_detection' with the following arguments: {'ament_cmake_args': None, 'build_base': '/home/archit/amogh_ws/build/object_detection', 'catkin_cmake_args': None, 'catkin_skip_building_tests': False, 'cmake_args': None, 'cmake_clean_cache': False, 'cmake_clean_first': False, 'cmake_force_configure': False, 'cmake_target': None, 'cmake_target_skip_unavailable': False, 'install_base': '/home/archit/amogh_ws/install/object_detection', 'merge_install': False, 'path': '/home/archit/amogh_ws/src/object_detection', 'symlink_install': True, 'test_result_base': None}
[0.263s] INFO:colcon.colcon_core.executor:Executing jobs using 'parallel' executor
[0.263s] DEBUG:colcon.colcon_parallel_executor.executor.parallel:run_until_complete
[0.263s] INFO:colcon.colcon_ros.task.ament_python.build:Building ROS package in '/home/archit/amogh_ws/src/object_detection' with build type 'ament_python'
[0.263s] Level 1:colcon.colcon_core.shell:create_environment_hook('object_detection', 'ament_prefix_path')
[0.265s] INFO:colcon.colcon_core.plugin_system:Skipping extension 'colcon_core.shell.bat': Not used on non-Windows systems
[0.265s] INFO:colcon.colcon_core.shell:Creating environment hook '/home/archit/amogh_ws/install/object_detection/share/object_detection/hook/ament_prefix_path.ps1'
[0.266s] INFO:colcon.colcon_core.shell:Creating environment descriptor '/home/archit/amogh_ws/install/object_detection/share/object_detection/hook/ament_prefix_path.dsv'
[0.266s] INFO:colcon.colcon_core.shell:Creating environment hook '/home/archit/amogh_ws/install/object_detection/share/object_detection/hook/ament_prefix_path.sh'
[0.267s] INFO:colcon.colcon_core.shell:Skip shell extension 'powershell' for command environment: Not usable outside of PowerShell
[0.267s] DEBUG:colcon.colcon_core.shell:Skip shell extension 'dsv' for command environment
[0.461s] INFO:colcon.colcon_core.task.python.build:Building Python package in '/home/archit/amogh_ws/src/object_detection'
[0.461s] INFO:colcon.colcon_core.shell:Skip shell extension 'powershell' for command environment: Not usable outside of PowerShell
[0.461s] DEBUG:colcon.colcon_core.shell:Skip shell extension 'dsv' for command environment
[0.704s] DEBUG:colcon.colcon_core.event_handler.log_command:Invoking command in '/home/archit/amogh_ws/build/object_detection': PYTHONPATH=/home/archit/amogh_ws/build/object_detection/prefix_override:/usr/lib/python3/dist-packages/colcon_core/task/python/colcon_distutils_commands:/home/archit/amogh_ws/install/object_detection/lib/python3.10/site-packages:${PYTHONPATH} /usr/bin/python3 -W ignore:setup.py install is deprecated setup.py develop --editable --build-directory /home/archit/amogh_ws/build/object_detection/build --no-deps symlink_data
[1.043s] Level 1:colcon.colcon_core.shell:create_environment_hook('object_detection', 'pythonpath_develop')
[1.044s] INFO:colcon.colcon_core.shell:Creating environment hook '/home/archit/amogh_ws/build/object_detection/share/object_detection/hook/pythonpath_develop.ps1'
[1.044s] DEBUG:colcon.colcon_core.event_handler.log_command:Invoked command in '/home/archit/amogh_ws/build/object_detection' returned '0': PYTHONPATH=/home/archit/amogh_ws/build/object_detection/prefix_override:/usr/lib/python3/dist-packages/colcon_core/task/python/colcon_distutils_commands:/home/archit/amogh_ws/install/object_detection/lib/python3.10/site-packages:${PYTHONPATH} /usr/bin/python3 -W ignore:setup.py install is deprecated setup.py develop --editable --build-directory /home/archit/amogh_ws/build/object_detection/build --no-deps symlink_data
[1.044s] INFO:colcon.colcon_core.shell:Creating environment descriptor '/home/archit/amogh_ws/build/object_detection/share/object_detection/hook/pythonpath_develop.dsv'
[1.045s] INFO:colcon.colcon_core.shell:Creating environment hook '/home/archit/amogh_ws/build/object_detection/share/object_detection/hook/pythonpath_develop.sh'
[1.046s] Level 1:colcon.colcon_core.environment:checking '/home/archit/amogh_ws/install/object_detection' for CMake module files
[1.047s] Level 1:colcon.colcon_core.environment:checking '/home/archit/amogh_ws/install/object_detection' for CMake config files
[1.047s] Level 1:colcon.colcon_core.environment:checking '/home/archit/amogh_ws/install/object_detection/lib'
[1.047s] Level 1:colcon.colcon_core.environment:checking '/home/archit/amogh_ws/install/object_detection/bin'
[1.047s] Level 1:colcon.colcon_core.environment:checking '/home/archit/amogh_ws/install/object_detection/lib/pkgconfig/object_detection.pc'
[1.048s] Level 1:colcon.colcon_core.environment:checking '/home/archit/amogh_ws/install/object_detection/lib/python3.10/site-packages'
[1.048s] Level 1:colcon.colcon_core.shell:create_environment_hook('object_detection', 'pythonpath')
[1.048s] INFO:colcon.colcon_core.shell:Creating environment hook '/home/archit/amogh_ws/install/object_detection/share/object_detection/hook/pythonpath.ps1'
[1.048s] INFO:colcon.colcon_core.shell:Creating environment descriptor '/home/archit/amogh_ws/install/object_detection/share/object_detection/hook/pythonpath.dsv'
[1.048s] INFO:colcon.colcon_core.shell:Creating environment hook '/home/archit/amogh_ws/install/object_detection/share/object_detection/hook/pythonpath.sh'
[1.049s] Level 1:colcon.colcon_core.environment:checking '/home/archit/amogh_ws/install/object_detection/bin'
[1.049s] Level 1:colcon.colcon_core.environment:create_environment_scripts_only(object_detection)
[1.049s] INFO:colcon.colcon_core.shell:Creating package script '/home/archit/amogh_ws/install/object_detection/share/object_detection/package.ps1'
[1.049s] INFO:colcon.colcon_core.shell:Creating package descriptor '/home/archit/amogh_ws/install/object_detection/share/object_detection/package.dsv'
[1.050s] INFO:colcon.colcon_core.shell:Creating package script '/home/archit/amogh_ws/install/object_detection/share/object_detection/package.sh'
[1.050s] INFO:colcon.colcon_core.shell:Creating package script '/home/archit/amogh_ws/install/object_detection/share/object_detection/package.bash'
[1.051s] INFO:colcon.colcon_core.shell:Creating package script '/home/archit/amogh_ws/install/object_detection/share/object_detection/package.zsh'
[1.051s] Level 1:colcon.colcon_core.environment:create_file_with_runtime_dependencies(/home/archit/amogh_ws/install/object_detection/share/colcon-core/packages/object_detection)
[1.051s] DEBUG:colcon.colcon_parallel_executor.executor.parallel:closing loop
[1.052s] DEBUG:colcon.colcon_parallel_executor.executor.parallel:loop closed
[1.052s] DEBUG:colcon.colcon_parallel_executor.executor.parallel:run_until_complete finished with '0'
[1.052s] DEBUG:colcon.colcon_core.event_reactor:joining thread
[1.056s] INFO:colcon.colcon_core.plugin_system:Skipping extension 'colcon_notification.desktop_notification.terminal_notifier': Not used on non-Darwin systems
[1.056s] INFO:colcon.colcon_core.plugin_system:Skipping extension 'colcon_notification.desktop_notification.win32': Not used on non-Windows systems
[1.056s] INFO:colcon.colcon_notification.desktop_notification:Sending desktop notification using 'notify2'
[1.068s] DEBUG:colcon.colcon_core.event_reactor:joined thread
[1.068s] INFO:colcon.colcon_core.shell:Creating prefix script '/home/archit/amogh_ws/install/local_setup.ps1'
[1.069s] INFO:colcon.colcon_core.shell:Creating prefix util module '/home/archit/amogh_ws/install/_local_setup_util_ps1.py'
[1.070s] INFO:colcon.colcon_core.shell:Creating prefix chain script '/home/archit/amogh_ws/install/setup.ps1'
[1.070s] INFO:colcon.colcon_core.shell:Creating prefix script '/home/archit/amogh_ws/install/local_setup.sh'
[1.071s] INFO:colcon.colcon_core.shell:Creating prefix util module '/home/archit/amogh_ws/install/_local_setup_util_sh.py'
[1.071s] INFO:colcon.colcon_core.shell:Creating prefix chain script '/home/archit/amogh_ws/install/setup.sh'
[1.072s] INFO:colcon.colcon_core.shell:Creating prefix script '/home/archit/amogh_ws/install/local_setup.bash'
[1.072s] INFO:colcon.colcon_core.shell:Creating prefix chain script '/home/archit/amogh_ws/install/setup.bash'
[1.073s] INFO:colcon.colcon_core.shell:Creating prefix script '/home/archit/amogh_ws/install/local_setup.zsh'
[1.073s] INFO:colcon.colcon_core.shell:Creating prefix chain script '/home/archit/amogh_ws/install/setup.zsh'
