running develop
running egg_info
creating object_detection.egg-info
writing object_detection.egg-info/PKG-INFO
writing dependency_links to object_detection.egg-info/dependency_links.txt
writing entry points to object_detection.egg-info/entry_points.txt
writing requirements to object_detection.egg-info/requires.txt
writing top-level names to object_detection.egg-info/top_level.txt
writing manifest file 'object_detection.egg-info/SOURCES.txt'
reading manifest file 'object_detection.egg-info/SOURCES.txt'
writing manifest file 'object_detection.egg-info/SOURCES.txt'
running build_ext
Creating /home/archit/amogh_ws/install/object_detection/lib/python3.10/site-packages/object-detection.egg-link (link to .)
Installing detector_node script to /home/archit/amogh_ws/install/object_detection/lib/object_detection

Installed /home/archit/amogh_ws/build/object_detection
running symlink_data
creating /home/archit/amogh_ws/install/object_detection/share/ament_index
creating /home/archit/amogh_ws/install/object_detection/share/ament_index/resource_index
creating /home/archit/amogh_ws/install/object_detection/share/ament_index/resource_index/packages
symbolically linking /home/archit/amogh_ws/build/object_detection/resource/object_detection -> /home/archit/amogh_ws/install/object_detection/share/ament_index/resource_index/packages
symbolically linking /home/archit/amogh_ws/build/object_detection/package.xml -> /home/archit/amogh_ws/install/object_detection/share/object_detection
