[0.440s] Invoking command in '/home/archit/amogh_ws/build/object_detection': PYTHONPATH=/home/archit/amogh_ws/build/object_detection/prefix_override:/usr/lib/python3/dist-packages/colcon_core/task/python/colcon_distutils_commands:/home/archit/amogh_ws/install/object_detection/lib/python3.10/site-packages:${PYTHONPATH} /usr/bin/python3 -W ignore:setup.py install is deprecated setup.py develop --editable --build-directory /home/archit/amogh_ws/build/object_detection/build --no-deps symlink_data
[0.636s] running develop
[0.637s] /usr/lib/python3/dist-packages/setuptools/command/easy_install.py:158: EasyInstallDeprecationWarning: easy_install command is deprecated. Use build and pip and other standards-based tools.
[0.637s]   warnings.warn(
[0.756s] running egg_info
[0.756s] creating object_detection.egg-info
[0.756s] writing object_detection.egg-info/PKG-INFO
[0.757s] writing dependency_links to object_detection.egg-info/dependency_links.txt
[0.757s] writing entry points to object_detection.egg-info/entry_points.txt
[0.757s] writing requirements to object_detection.egg-info/requires.txt
[0.757s] writing top-level names to object_detection.egg-info/top_level.txt
[0.757s] writing manifest file 'object_detection.egg-info/SOURCES.txt'
[0.758s] reading manifest file 'object_detection.egg-info/SOURCES.txt'
[0.758s] writing manifest file 'object_detection.egg-info/SOURCES.txt'
[0.759s] running build_ext
[0.760s] Creating /home/archit/amogh_ws/install/object_detection/lib/python3.10/site-packages/object-detection.egg-link (link to .)
[0.760s] Installing detector_node script to /home/archit/amogh_ws/install/object_detection/lib/object_detection
[0.760s] 
[0.760s] Installed /home/archit/amogh_ws/build/object_detection
[0.761s] running symlink_data
[0.761s] creating /home/archit/amogh_ws/install/object_detection/share/ament_index
[0.761s] creating /home/archit/amogh_ws/install/object_detection/share/ament_index/resource_index
[0.761s] creating /home/archit/amogh_ws/install/object_detection/share/ament_index/resource_index/packages
[0.761s] symbolically linking /home/archit/amogh_ws/build/object_detection/resource/object_detection -> /home/archit/amogh_ws/install/object_detection/share/ament_index/resource_index/packages
[0.761s] symbolically linking /home/archit/amogh_ws/build/object_detection/package.xml -> /home/archit/amogh_ws/install/object_detection/share/object_detection
[0.780s] Invoked command in '/home/archit/amogh_ws/build/object_detection' returned '0': PYTHONPATH=/home/archit/amogh_ws/build/object_detection/prefix_override:/usr/lib/python3/dist-packages/colcon_core/task/python/colcon_distutils_commands:/home/archit/amogh_ws/install/object_detection/lib/python3.10/site-packages:${PYTHONPATH} /usr/bin/python3 -W ignore:setup.py install is deprecated setup.py develop --editable --build-directory /home/archit/amogh_ws/build/object_detection/build --no-deps symlink_data
